#
# There is insufficient memory for the Java Runtime Environment to continue.
# Native memory allocation (malloc) failed to allocate 796016 bytes for Chunk::new
# Possible reasons:
#   The system is out of physical RAM or swap space
#   The process is running with CompressedOops enabled, and the Java Heap may be blocking the growth of the native heap
# Possible solutions:
#   Reduce memory load on the system
#   Increase physical memory or swap space
#   Check if swap backing store is full
#   Decrease Java heap size (-Xmx/-Xms)
#   Decrease number of Java threads
#   Decrease Java thread stack sizes (-Xss)
#   Set larger code cache with -XX:ReservedCodeCacheSize=
#   JVM is running with Zero Based Compressed Oops mode in which the Java heap is
#     placed in the first 32GB address space. The Java Heap base address is the
#     maximum limit for the native heap growth. Please use -XX:HeapBaseMinAddress
#     to set the Java Heap base and to place the Java Heap above 32GB virtual address.
# This output file may be truncated or incomplete.
#
#  Out of Memory Error (allocation.cpp:389), pid=4444, tid=0x00000000000037e0
#
# JRE version: OpenJDK Runtime Environment (8.0_242-b01) (build 1.8.0_242-release-1644-b01)
# Java VM: OpenJDK 64-Bit Server VM (25.242-b01 mixed mode windows-amd64 compressed oops)
# Failed to write core dump. Minidumps are not enabled by default on client versions of Windows
#

---------------  T H R E A D  ---------------

Current thread (0x000000001e885800):  JavaThread "C2 CompilerThread1" daemon [_thread_in_native, id=14304, stack(0x000000001f250000,0x000000001f350000)]

Stack: [0x000000001f250000,0x000000001f350000]
[error occurred during error reporting (printing stack bounds), id 0xc0000005]

Native frames: (J=compiled Java code, j=interpreted, Vv=VM code, C=native code)


Current CompileTask:
C2:   1485 1816       4       org.jetbrains.kotlin.com.intellij.openapi.vfs.impl.ZipHandlerBase::getOrCreate (235 bytes)


---------------  P R O C E S S  ---------------

Java Threads: ( => current thread )
  0x000000001e920000 JavaThread "Service Thread" daemon [_thread_blocked, id=16804, stack(0x000000001f550000,0x000000001f650000)]
  0x000000001e88f000 JavaThread "C1 CompilerThread3" daemon [_thread_blocked, id=12828, stack(0x000000001f450000,0x000000001f550000)]
  0x000000001e88a800 JavaThread "C2 CompilerThread2" daemon [_thread_in_native, id=15284, stack(0x000000001f350000,0x000000001f450000)]
=>0x000000001e885800 JavaThread "C2 CompilerThread1" daemon [_thread_in_native, id=14304, stack(0x000000001f250000,0x000000001f350000)]
  0x000000001e881800 JavaThread "C2 CompilerThread0" daemon [_thread_in_native, id=20252, stack(0x000000001f150000,0x000000001f250000)]
  0x000000001e880800 JavaThread "Attach Listener" daemon [_thread_blocked, id=1220, stack(0x000000001f050000,0x000000001f150000)]
  0x000000001ca8e800 JavaThread "Signal Dispatcher" daemon [_thread_blocked, id=9124, stack(0x000000001ef50000,0x000000001f050000)]
  0x000000001ca81000 JavaThread "Finalizer" daemon [_thread_blocked, id=22236, stack(0x000000001ed50000,0x000000001ee50000)]
  0x00000000030c7800 JavaThread "Reference Handler" daemon [_thread_blocked, id=23396, stack(0x000000001ec50000,0x000000001ed50000)]
  0x0000000002fd2800 JavaThread "main" [_thread_in_native, id=15080, stack(0x0000000002eb0000,0x0000000002fb0000)]

Other Threads:
  0x000000001ca78000 VMThread [stack: 0x000000001e750000,0x000000001e850000] [id=8200]
  0x000000001e929000 WatcherThread [stack: 0x000000001f650000,0x000000001f750000] [id=7996]

VM state:not at safepoint (normal execution)

VM Mutex/Monitor currently owned by a thread: None

heap address: 0x00000006c3800000, size: 4040 MB, Compressed Oops mode: Zero based, Oop shift amount: 3
Narrow klass base: 0x0000000000000000, Narrow klass shift: 3
Compressed class space size: 1073741824 Address: 0x00000007c0000000

Heap:
 PSYoungGen      total 75776K, used 41004K [0x000000076bd80000, 0x0000000771200000, 0x00000007c0000000)
  eden space 65024K, 63% used [0x000000076bd80000,0x000000076e58b188,0x000000076fd00000)
  from space 10752K, 0% used [0x0000000770780000,0x0000000770780000,0x0000000771200000)
  to   space 10752K, 0% used [0x000000076fd00000,0x000000076fd00000,0x0000000770780000)
 ParOldGen       total 142336K, used 22353K [0x00000006c3800000, 0x00000006cc300000, 0x000000076bd80000)
  object space 142336K, 15% used [0x00000006c3800000,0x00000006c4dd4478,0x00000006cc300000)
 Metaspace       used 25148K, capacity 25734K, committed 25984K, reserved 1071104K
  class space    used 3205K, capacity 3378K, committed 3456K, reserved 1048576K

Card table byte_map: [0x00000000124d0000,0x0000000012cc0000] byte_map_base: 0x000000000eeb4000

Marking Bits: (ParMarkBitMap*) 0x0000000050eaf030
 Begin Bits: [0x0000000013a10000, 0x0000000017930000)
 End Bits:   [0x0000000017930000, 0x000000001b850000)

Polling page: 0x00000000016f0000

CodeCache: size=245760Kb used=5746Kb max_used=5746Kb free=240013Kb
 bounds [0x0000000003110000, 0x00000000036c0000, 0x0000000012110000]
 total_blobs=2324 nmethods=1866 adapters=371
 compilation: enabled

Compilation events (10 events):
Event: 1.444 Thread 0x000000001e88f000 1876       3       java.util.zip.ZipEntry::setExtra0 (360 bytes)
Event: 1.448 Thread 0x000000001e88f000 nmethod 1876 0x00000000036a0590 code [0x00000000036a0c60, 0x00000000036a5788]
Event: 1.470 Thread 0x000000001e88f000 1877       3       org.jetbrains.kotlin.com.intellij.openapi.vfs.impl.jar.CoreJarHandler::<init> (236 bytes)
Event: 1.472 Thread 0x000000001e88f000 nmethod 1877 0x00000000036aa990 code [0x00000000036aae00, 0x00000000036ad5b8]
Event: 1.479 Thread 0x000000001e88f000 1878       3       org.jetbrains.kotlin.com.intellij.util.containers.ConcurrentFactoryMap::notNull (12 bytes)
Event: 1.479 Thread 0x000000001e88f000 nmethod 1878 0x00000000036ae8d0 code [0x00000000036aea40, 0x00000000036aec30]
Event: 1.481 Thread 0x000000001e88f000 1879       3       kotlin.jvm.internal.Intrinsics::checkExpressionValueIsNotNull (38 bytes)
Event: 1.481 Thread 0x000000001e88f000 nmethod 1879 0x00000000036aecd0 code [0x00000000036aeee0, 0x00000000036af9f8]
Event: 1.482 Thread 0x000000001e88f000 1880       3       java.io.File::isFile (43 bytes)
Event: 1.482 Thread 0x000000001e88f000 nmethod 1880 0x00000000036aff10 code [0x00000000036b00a0, 0x00000000036b0528]

GC Heap History (6 events):
Event: 0.739 GC heap before
{Heap before GC invocations=1 (full 0):
 PSYoungGen      total 75776K, used 65024K [0x000000076bd80000, 0x0000000771200000, 0x00000007c0000000)
  eden space 65024K, 100% used [0x000000076bd80000,0x000000076fd00000,0x000000076fd00000)
  from space 10752K, 0% used [0x0000000770780000,0x0000000770780000,0x0000000771200000)
  to   space 10752K, 0% used [0x000000076fd00000,0x000000076fd00000,0x0000000770780000)
 ParOldGen       total 173568K, used 0K [0x00000006c3800000, 0x00000006ce180000, 0x000000076bd80000)
  object space 173568K, 0% used [0x00000006c3800000,0x00000006c3800000,0x00000006ce180000)
 Metaspace       used 15546K, capacity 15844K, committed 16000K, reserved 1062912K
  class space    used 1761K, capacity 1836K, committed 1920K, reserved 1048576K
Event: 0.748 GC heap after
Heap after GC invocations=1 (full 0):
 PSYoungGen      total 75776K, used 10734K [0x000000076bd80000, 0x0000000771200000, 0x00000007c0000000)
  eden space 65024K, 0% used [0x000000076bd80000,0x000000076bd80000,0x000000076fd00000)
  from space 10752K, 99% used [0x000000076fd00000,0x000000077077bb20,0x0000000770780000)
  to   space 10752K, 0% used [0x0000000770780000,0x0000000770780000,0x0000000771200000)
 ParOldGen       total 173568K, used 4621K [0x00000006c3800000, 0x00000006ce180000, 0x000000076bd80000)
  object space 173568K, 2% used [0x00000006c3800000,0x00000006c3c83688,0x00000006ce180000)
 Metaspace       used 15546K, capacity 15844K, committed 16000K, reserved 1062912K
  class space    used 1761K, capacity 1836K, committed 1920K, reserved 1048576K
}
Event: 1.004 GC heap before
{Heap before GC invocations=2 (full 0):
 PSYoungGen      total 75776K, used 43970K [0x000000076bd80000, 0x0000000771200000, 0x00000007c0000000)
  eden space 65024K, 51% used [0x000000076bd80000,0x000000076ddf4e68,0x000000076fd00000)
  from space 10752K, 99% used [0x000000076fd00000,0x000000077077bb20,0x0000000770780000)
  to   space 10752K, 0% used [0x0000000770780000,0x0000000770780000,0x0000000771200000)
 ParOldGen       total 173568K, used 4621K [0x00000006c3800000, 0x00000006ce180000, 0x000000076bd80000)
  object space 173568K, 2% used [0x00000006c3800000,0x00000006c3c83688,0x00000006ce180000)
 Metaspace       used 20666K, capacity 21082K, committed 21248K, reserved 1069056K
  class space    used 2360K, capacity 2491K, committed 2560K, reserved 1048576K
Event: 1.014 GC heap after
Heap after GC invocations=2 (full 0):
 PSYoungGen      total 75776K, used 10721K [0x000000076bd80000, 0x0000000771200000, 0x00000007c0000000)
  eden space 65024K, 0% used [0x000000076bd80000,0x000000076bd80000,0x000000076fd00000)
  from space 10752K, 99% used [0x0000000770780000,0x00000007711f8780,0x0000000771200000)
  to   space 10752K, 0% used [0x000000076fd00000,0x000000076fd00000,0x0000000770780000)
 ParOldGen       total 173568K, used 16456K [0x00000006c3800000, 0x00000006ce180000, 0x000000076bd80000)
  object space 173568K, 9% used [0x00000006c3800000,0x00000006c48121c0,0x00000006ce180000)
 Metaspace       used 20666K, capacity 21082K, committed 21248K, reserved 1069056K
  class space    used 2360K, capacity 2491K, committed 2560K, reserved 1048576K
}
Event: 1.014 GC heap before
{Heap before GC invocations=3 (full 1):
 PSYoungGen      total 75776K, used 10721K [0x000000076bd80000, 0x0000000771200000, 0x00000007c0000000)
  eden space 65024K, 0% used [0x000000076bd80000,0x000000076bd80000,0x000000076fd00000)
  from space 10752K, 99% used [0x0000000770780000,0x00000007711f8780,0x0000000771200000)
  to   space 10752K, 0% used [0x000000076fd00000,0x000000076fd00000,0x0000000770780000)
 ParOldGen       total 173568K, used 16456K [0x00000006c3800000, 0x00000006ce180000, 0x000000076bd80000)
  object space 173568K, 9% used [0x00000006c3800000,0x00000006c48121c0,0x00000006ce180000)
 Metaspace       used 20666K, capacity 21082K, committed 21248K, reserved 1069056K
  class space    used 2360K, capacity 2491K, committed 2560K, reserved 1048576K
Event: 1.055 GC heap after
Heap after GC invocations=3 (full 1):
 PSYoungGen      total 75776K, used 0K [0x000000076bd80000, 0x0000000771200000, 0x00000007c0000000)
  eden space 65024K, 0% used [0x000000076bd80000,0x000000076bd80000,0x000000076fd00000)
  from space 10752K, 0% used [0x0000000770780000,0x0000000770780000,0x0000000771200000)
  to   space 10752K, 0% used [0x000000076fd00000,0x000000076fd00000,0x0000000770780000)
 ParOldGen       total 142336K, used 22353K [0x00000006c3800000, 0x00000006cc300000, 0x000000076bd80000)
  object space 142336K, 15% used [0x00000006c3800000,0x00000006c4dd4478,0x00000006cc300000)
 Metaspace       used 20666K, capacity 21082K, committed 21248K, reserved 1069056K
  class space    used 2360K, capacity 2491K, committed 2560K, reserved 1048576K
}

Deoptimization events (10 events):
Event: 0.857 Thread 0x0000000002fd2800 Uncommon trap: reason=unstable_if action=reinterpret pc=0x0000000003340cc4 method=sun.misc.MetaIndex.mayContain(Ljava/lang/String;)Z @ 38
Event: 0.889 Thread 0x0000000002fd2800 Uncommon trap: reason=unstable_if action=reinterpret pc=0x00000000035bbbdc method=java.util.Arrays.equals([B[B)Z @ 2
Event: 0.908 Thread 0x0000000002fd2800 Uncommon trap: reason=class_check action=maybe_recompile pc=0x00000000035a0284 method=java.util.zip.InflaterInputStream.read([BII)I @ 100
Event: 0.937 Thread 0x0000000002fd2800 Uncommon trap: reason=unstable_if action=reinterpret pc=0x00000000035c0468 method=java.util.Arrays.hashCode([B)I @ 1
Event: 0.949 Thread 0x0000000002fd2800 Uncommon trap: reason=unstable_if action=reinterpret pc=0x00000000035bae8c method=com.sun.nio.zipfs.ZipFileSystem.getParent([B)[B @ 21
Event: 0.949 Thread 0x0000000002fd2800 Uncommon trap: reason=unstable_if action=reinterpret pc=0x00000000035c6560 method=java.util.Arrays.equals([B[B)Z @ 2
Event: 0.959 Thread 0x0000000002fd2800 Uncommon trap: reason=class_check action=maybe_recompile pc=0x00000000035a0284 method=java.util.zip.InflaterInputStream.read([BII)I @ 100
Event: 1.085 Thread 0x0000000002fd2800 Uncommon trap: reason=unstable_if action=reinterpret pc=0x000000000353fc7c method=java.lang.String.startsWith(Ljava/lang/String;I)Z @ 25
Event: 1.085 Thread 0x0000000002fd2800 Uncommon trap: reason=unstable_if action=reinterpret pc=0x00000000032cb65c method=java.lang.String.startsWith(Ljava/lang/String;I)Z @ 25
Event: 1.444 Thread 0x0000000002fd2800 Uncommon trap: reason=unstable_if action=reinterpret pc=0x00000000036679c4 method=java.util.zip.ZipEntry.setExtra0([BZ)V @ 279

Classes redefined (0 events):
No events

Internal exceptions (10 events):
Event: 0.259 Thread 0x0000000002fd2800 Exception <a 'java/security/PrivilegedActionException'> (0x000000076ce72190) thrown at [C:\src\AOSP-openjdk-git\hotspot\src\share\vm\prims\jvm.cpp, line 1502]
Event: 0.259 Thread 0x0000000002fd2800 Exception <a 'java/security/PrivilegedActionException'> (0x000000076ce72588) thrown at [C:\src\AOSP-openjdk-git\hotspot\src\share\vm\prims\jvm.cpp, line 1502]
Event: 0.395 Thread 0x0000000002fd2800 Exception <a 'java/lang/ArrayIndexOutOfBoundsException'> (0x000000076dc6d4b8) thrown at [C:\src\AOSP-openjdk-git\hotspot\src\share\vm\runtime\sharedRuntime.cpp, line 605]
Event: 0.511 Thread 0x0000000002fd2800 Exception <a 'java/lang/ArrayIndexOutOfBoundsException'> (0x000000076e686930) thrown at [C:\src\AOSP-openjdk-git\hotspot\src\share\vm\runtime\sharedRuntime.cpp, line 605]
Event: 0.813 Thread 0x0000000002fd2800 Exception <a 'java/lang/NoSuchMethodError': java.lang.Object.lambda$static$0()J> (0x000000076c483d08) thrown at [C:\src\AOSP-openjdk-git\hotspot\src\share\vm\interpreter\linkResolver.cpp, line 620]
Event: 0.937 Thread 0x0000000002fd2800 Implicit null exception at 0x00000000035c02d7 to 0x00000000035c044e
Event: 0.988 Thread 0x0000000002fd2800 Exception <a 'java/lang/NoSuchMethodError': java.lang.Object.lambda$static$0(I)[Lorg/jetbrains/kotlin/com/intellij/openapi/editor/event/DocumentListener;> (0x000000076dbf0a48) thrown at [C:\src\AOSP-openjdk-git\hotspot\src\share\vm\interpreter\linkResolve
Event: 1.065 Thread 0x0000000002fd2800 Exception <a 'java/lang/NoSuchMethodError': java.lang.Object.lambda$static$0(I)[Lorg/jetbrains/kotlin/com/intellij/psi/PsiAnnotation;> (0x000000076bdc6480) thrown at [C:\src\AOSP-openjdk-git\hotspot\src\share\vm\interpreter\linkResolver.cpp, line 620]
Event: 1.147 Thread 0x0000000002fd2800 Exception <a 'java/lang/NoSuchMethodError': java.lang.Object.lambda$static$0(I)[Lorg/jetbrains/kotlin/com/intellij/psi/PsiElement;> (0x000000076c474d60) thrown at [C:\src\AOSP-openjdk-git\hotspot\src\share\vm\interpreter\linkResolver.cpp, line 620]
Event: 1.177 Thread 0x0000000002fd2800 Exception <a 'java/lang/NoSuchMethodError': java.lang.Object.lambda$comparing$77a9974f$1(Ljava/util/function/Function;Ljava/lang/Object;Ljava/lang/Object;)I> (0x000000076c63bf90) thrown at [C:\src\AOSP-openjdk-git\hotspot\src\share\vm\interpreter\linkReso

Events (10 events):
Event: 1.478 loading class org/jetbrains/kotlin/cli/jvm/config/JvmModulePathRoot
Event: 1.478 loading class org/jetbrains/kotlin/cli/jvm/config/JvmModulePathRoot done
Event: 1.478 loading class org/jetbrains/kotlin/cli/jvm/compiler/ClasspathRootsResolver$RootWithPrefix
Event: 1.478 loading class org/jetbrains/kotlin/cli/jvm/compiler/ClasspathRootsResolver$RootWithPrefix done
Event: 1.483 loading class org/jetbrains/kotlin/cli/jvm/index/JavaRoot$RootType
Event: 1.483 loading class org/jetbrains/kotlin/cli/jvm/index/JavaRoot$RootType done
Event: 1.483 loading class org/jetbrains/kotlin/cli/jvm/index/JavaRoot
Event: 1.483 loading class org/jetbrains/kotlin/cli/jvm/index/JavaRoot done
Event: 1.484 loading class org/jetbrains/kotlin/cli/jvm/index/JavaRoot$RootTypes
Event: 1.484 loading class org/jetbrains/kotlin/cli/jvm/index/JavaRoot$RootTypes done


Dynamic libraries:
0x00007ff73bc00000 - 0x00007ff73bc31000 	C:\Program Files\Android\Android Studio\jre\jre\bin\java.exe
0x00007ffd07260000 - 0x00007ffd07450000 	C:\Windows\SYSTEM32\ntdll.dll
0x00007ffd06d70000 - 0x00007ffd06e22000 	C:\Windows\System32\KERNEL32.DLL
0x00007ffd04fb0000 - 0x00007ffd05255000 	C:\Windows\System32\KERNELBASE.dll
0x00007ffd05c50000 - 0x00007ffd05cf3000 	C:\Windows\System32\ADVAPI32.dll
0x00007ffd06b20000 - 0x00007ffd06bbe000 	C:\Windows\System32\msvcrt.dll
0x00007ffd05430000 - 0x00007ffd054c7000 	C:\Windows\System32\sechost.dll
0x00007ffd06a00000 - 0x00007ffd06b1f000 	C:\Windows\System32\RPCRT4.dll
0x00007ffd06860000 - 0x00007ffd069f4000 	C:\Windows\System32\USER32.dll
0x00007ffd05260000 - 0x00007ffd05281000 	C:\Windows\System32\win32u.dll
0x00007ffd05540000 - 0x00007ffd05566000 	C:\Windows\System32\GDI32.dll
0x00007ffd043d0000 - 0x00007ffd04568000 	C:\Windows\System32\gdi32full.dll
0x00007ffd041d0000 - 0x00007ffd0426e000 	C:\Windows\System32\msvcp_win.dll
0x00007ffd04eb0000 - 0x00007ffd04faa000 	C:\Windows\System32\ucrtbase.dll
0x00007ffcee4a0000 - 0x00007ffcee724000 	C:\Windows\WinSxS\amd64_microsoft.windows.common-controls_6595b64144ccf1df_6.0.18362.1440_none_9e7dbfb9e45e8e67\COMCTL32.dll
0x00007ffd05d60000 - 0x00007ffd06096000 	C:\Windows\System32\combase.dll
0x00007ffd04570000 - 0x00007ffd045f1000 	C:\Windows\System32\bcryptPrimitives.dll
0x00007ffd071f0000 - 0x00007ffd0721e000 	C:\Windows\System32\IMM32.DLL
0x0000000050600000 - 0x00000000506d2000 	C:\Program Files\Android\Android Studio\jre\jre\bin\msvcr100.dll
0x00000000506e0000 - 0x0000000050f2b000 	C:\Program Files\Android\Android Studio\jre\jre\bin\server\jvm.dll
0x00007ffd057d0000 - 0x00007ffd057d8000 	C:\Windows\System32\PSAPI.DLL
0x00007ffd01c40000 - 0x00007ffd01c64000 	C:\Windows\SYSTEM32\WINMM.dll
0x00007ffcff3a0000 - 0x00007ffcff3a9000 	C:\Windows\SYSTEM32\WSOCK32.dll
0x00007ffcfdd00000 - 0x00007ffcfdd0a000 	C:\Windows\SYSTEM32\VERSION.dll
0x00007ffd05620000 - 0x00007ffd0568f000 	C:\Windows\System32\WS2_32.dll
0x00007ffd01be0000 - 0x00007ffd01c0d000 	C:\Windows\SYSTEM32\WINMMBASE.dll
0x00007ffd052c0000 - 0x00007ffd0530a000 	C:\Windows\System32\cfgmgr32.dll
0x00007ffcfe650000 - 0x00007ffcfe65f000 	C:\Program Files\Android\Android Studio\jre\jre\bin\verify.dll
0x00007ffcfa280000 - 0x00007ffcfa2a9000 	C:\Program Files\Android\Android Studio\jre\jre\bin\java.dll
0x00007ffcfa260000 - 0x00007ffcfa276000 	C:\Program Files\Android\Android Studio\jre\jre\bin\zip.dll
0x00007ffd06170000 - 0x00007ffd06858000 	C:\Windows\System32\SHELL32.dll
0x00007ffd05570000 - 0x00007ffd05617000 	C:\Windows\System32\shcore.dll
0x00007ffd046b0000 - 0x00007ffd04e2b000 	C:\Windows\System32\windows.storage.dll
0x00007ffd04160000 - 0x00007ffd0417e000 	C:\Windows\System32\profapi.dll
0x00007ffd04180000 - 0x00007ffd041ca000 	C:\Windows\System32\powrprof.dll
0x00007ffd04110000 - 0x00007ffd04120000 	C:\Windows\System32\UMPDC.dll
0x00007ffd05d00000 - 0x00007ffd05d52000 	C:\Windows\System32\shlwapi.dll
0x00007ffd04120000 - 0x00007ffd04131000 	C:\Windows\System32\kernel.appcore.dll
0x00007ffd04e90000 - 0x00007ffd04ea7000 	C:\Windows\System32\cryptsp.dll
0x00007ffcfa240000 - 0x00007ffcfa25a000 	C:\Program Files\Android\Android Studio\jre\jre\bin\net.dll
0x00007ffd038f0000 - 0x00007ffd03957000 	C:\Windows\system32\mswsock.dll
0x00007ffcfa1d0000 - 0x00007ffcfa1e3000 	C:\Program Files\Android\Android Studio\jre\jre\bin\nio.dll

VM Arguments:
java_command: org.jetbrains.kotlin.cli.jvm.K2JVMCompiler @D:\Kiosk_Source_Code\ApolloPharmacyOCR20042021\app\build\20210426_2193646563701139990.compiler.options
java_class_path (initial): C:\Users\APHSC0481-GOPAL\.gradle\caches\modules-2\files-2.1\org.jetbrains.kotlin\kotlin-compiler-embeddable\1.4.31\6451ea797cef544e81f507b0d9959cd97ae09c0\kotlin-compiler-embeddable-1.4.31.jar;C:\Users\APHSC0481-GOPAL\.gradle\caches\modules-2\files-2.1\org.jetbrains.kotlin\kotlin-reflect\1.4.31\63db9d66c3d20f7b8f66196e7ba86969daae8b8a\kotlin-reflect-1.4.31.jar;C:\Users\APHSC0481-GOPAL\.gradle\caches\modules-2\files-2.1\org.jetbrains.kotlin\kotlin-stdlib\1.4.31\a58e0fb9812a6a93ca24b5da75e4b5a0cb89c957\kotlin-stdlib-1.4.31.jar;C:\Users\APHSC0481-GOPAL\.gradle\caches\modules-2\files-2.1\org.jetbrains.kotlin\kotlin-script-runtime\1.4.31\183616b52cfb8ddaa8a2a15bf926e87dfcddcde3\kotlin-script-runtime-1.4.31.jar;C:\Users\APHSC0481-GOPAL\.gradle\caches\modules-2\files-2.1\org.jetbrains.kotlin\kotlin-daemon-embeddable\1.4.31\10faf8ac3dd5975ed972b2bc395b4ffc7ffde246\kotlin-daemon-embeddable-1.4.31.jar;C:\Users\APHSC0481-GOPAL\.gradle\caches\modules-2\files-2.1\org.jetbrains.intellij.deps\trove4j\1.0.20181211\216c2e14b070f334479d800987affe4054cd563f\trove4j-1.0.20181211.jar;C:\Users\APHSC0481-GOPAL\.gradle\caches\modules-2\files-2.1\org.jetbrains.kotlin\kotlin-stdlib-common\1.4.31\6dd50665802f54ba9bc3f70ecb20227d1bc81323\kotlin-stdlib-common-1.4.31.jar;C:\Users\APHSC0481-GOPAL\.gradle\caches\modules-2\files-2.1\org.jetbrains\annotations\13.0\919f0dfe192fb4e063e7dacadee7f8bb9a2672a9\annotations-13.0.jar;C:\Program Files\Android\Android Studio\jre\lib\tools.jar
Launcher Type: SUN_STANDARD

Environment Variables:
JAVA_HOME=C:\Program Files\Java\jdk1.8.0_281\
PATH=C:\Program Files (x86)\Common Files\Oracle\Java\javapath;C:\Windows\system32;C:\Windows;C:\Windows\System32\Wbem;C:\Windows\System32\WindowsPowerShell\v1.0\;C:\Windows\System32\OpenSSH\;C:\Program Files\Java\jdk1.8.0_281\bin;C:\Program Files (x86)\Microsoft SQL Server\Client SDK\ODBC\110\Tools\Binn\;C:\Program Files (x86)\Microsoft SQL Server\120\Tools\Binn\;C:\Program Files (x86)\Microsoft SQL Server\120\DTS\Binn\;C:\Program Files (x86)\Microsoft SQL Server\120\Tools\Binn\ManagementStudio\;C:\Users\APHSC0481-GOPAL\AppData\Local\Microsoft\WindowsApps;C:\Program Files\Java\jdk1.8.0_281\bin;
USERNAME=APHSC0481-GOPAL
OS=Windows_NT
PROCESSOR_IDENTIFIER=Intel64 Family 6 Model 142 Stepping 12, GenuineIntel



---------------  S Y S T E M  ---------------

OS: Windows 10.0 , 64 bit Build 18362 (10.0.18362.1350)

CPU:total 8 (initial active 8) (4 cores per cpu, 2 threads per core) family 6 model 142 stepping 12, cmov, cx8, fxsr, mmx, sse, sse2, sse3, ssse3, sse4.1, sse4.2, popcnt, avx, avx2, aes, clmul, erms, 3dnowpref, lzcnt, ht, tsc, tscinvbit, bmi1, bmi2, adx

Memory: 4k page, physical 16545412k(3704444k free), swap 24737412k(5452k free)

vm_info: OpenJDK 64-Bit Server VM (25.242-b01) for windows-amd64 JRE (1.8.0_242-release-1644-b01), built by "builder" with MS VC++ 10.0 (VS2010)

time: Mon Apr 26 17:13:16 2021
timezone: India Standard Time
elapsed time: 1 seconds (0d 0h 0m 1s)

