#
# There is insufficient memory for the Java Runtime Environment to continue.
# Native memory allocation (malloc) failed to allocate 285968 bytes for Chunk::new
# Possible reasons:
#   The system is out of physical RAM or swap space
#   The process is running with CompressedOops enabled, and the Java Heap may be blocking the growth of the native heap
# Possible solutions:
#   Reduce memory load on the system
#   Increase physical memory or swap space
#   Check if swap backing store is full
#   Decrease Java heap size (-Xmx/-Xms)
#   Decrease number of Java threads
#   Decrease Java thread stack sizes (-Xss)
#   Set larger code cache with -XX:ReservedCodeCacheSize=
#   JVM is running with Zero Based Compressed Oops mode in which the Java heap is
#     placed in the first 32GB address space. The Java Heap base address is the
#     maximum limit for the native heap growth. Please use -XX:HeapBaseMinAddress
#     to set the Java Heap base and to place the Java Heap above 32GB virtual address.
# This output file may be truncated or incomplete.
#
#  Out of Memory Error (allocation.cpp:389), pid=17024, tid=0x0000000000001954
#
# JRE version: OpenJDK Runtime Environment (8.0_242-b01) (build 1.8.0_242-release-1644-b01)
# Java VM: OpenJDK 64-Bit Server VM (25.242-b01 mixed mode windows-amd64 compressed oops)
# Failed to write core dump. Minidumps are not enabled by default on client versions of Windows
#

---------------  T H R E A D  ---------------

Current thread (0x000000001eaf1800):  JavaThread "C2 CompilerThread0" daemon [_thread_in_native, id=6484, stack(0x000000001f3c0000,0x000000001f4c0000)]

Stack: [0x000000001f3c0000,0x000000001f4c0000]
[error occurred during error reporting (printing stack bounds), id 0xc0000005]

Native frames: (J=compiled Java code, j=interpreted, Vv=VM code, C=native code)


Current CompileTask:
C2:   2798 3306   !   4       org.jetbrains.kotlin.metadata.ProtoBuf$Type::<init> (875 bytes)


---------------  P R O C E S S  ---------------

Java Threads: ( => current thread )
  0x000000001eb8a800 JavaThread "Service Thread" daemon [_thread_blocked, id=16736, stack(0x000000001f7c0000,0x000000001f8c0000)]
  0x000000001eaff000 JavaThread "C1 CompilerThread3" daemon [_thread_in_native, id=2484, stack(0x000000001f6c0000,0x000000001f7c0000)]
  0x000000001eafa800 JavaThread "C2 CompilerThread2" daemon [_thread_in_native, id=4312, stack(0x000000001f5c0000,0x000000001f6c0000)]
  0x000000001eaf5800 JavaThread "C2 CompilerThread1" daemon [_thread_in_native, id=13248, stack(0x000000001f4c0000,0x000000001f5c0000)]
=>0x000000001eaf1800 JavaThread "C2 CompilerThread0" daemon [_thread_in_native, id=6484, stack(0x000000001f3c0000,0x000000001f4c0000)]
  0x000000001eaf0800 JavaThread "Attach Listener" daemon [_thread_blocked, id=3380, stack(0x000000001f2c0000,0x000000001f3c0000)]
  0x000000001ccfe800 JavaThread "Signal Dispatcher" daemon [_thread_blocked, id=7140, stack(0x000000001f1c0000,0x000000001f2c0000)]
  0x000000001ccf1000 JavaThread "Finalizer" daemon [_thread_blocked, id=22596, stack(0x000000001efc0000,0x000000001f0c0000)]
  0x00000000033c7800 JavaThread "Reference Handler" daemon [_thread_blocked, id=23800, stack(0x000000001eec0000,0x000000001efc0000)]
  0x00000000032d2800 JavaThread "main" [_thread_in_Java, id=18184, stack(0x00000000031d0000,0x00000000032d0000)]

Other Threads:
  0x000000001cce8000 VMThread [stack: 0x000000001e9c0000,0x000000001eac0000] [id=22772]
  0x000000001eb9b800 WatcherThread [stack: 0x000000001f8c0000,0x000000001f9c0000] [id=20228]

VM state:not at safepoint (normal execution)

VM Mutex/Monitor currently owned by a thread: None

heap address: 0x00000006c3800000, size: 4040 MB, Compressed Oops mode: Zero based, Oop shift amount: 3
Narrow klass base: 0x0000000000000000, Narrow klass shift: 3
Compressed class space size: 1073741824 Address: 0x00000007c0000000

Heap:
 PSYoungGen      total 140800K, used 58150K [0x000000076bd80000, 0x0000000777d00000, 0x00000007c0000000)
  eden space 130048K, 44% used [0x000000076bd80000,0x000000076f649840,0x0000000773c80000)
  from space 10752K, 0% used [0x0000000773c80000,0x0000000773c80000,0x0000000774700000)
  to   space 10752K, 0% used [0x0000000777280000,0x0000000777280000,0x0000000777d00000)
 ParOldGen       total 141312K, used 42512K [0x00000006c3800000, 0x00000006cc200000, 0x000000076bd80000)
  object space 141312K, 30% used [0x00000006c3800000,0x00000006c6184168,0x00000006cc200000)
 Metaspace       used 39946K, capacity 40640K, committed 40920K, reserved 1085440K
  class space    used 4933K, capacity 5118K, committed 5120K, reserved 1048576K

Card table byte_map: [0x0000000012790000,0x0000000012f80000] byte_map_base: 0x000000000f174000

Marking Bits: (ParMarkBitMap*) 0x0000000050eaf030
 Begin Bits: [0x0000000013cd0000, 0x0000000017bf0000)
 End Bits:   [0x0000000017bf0000, 0x000000001bb10000)

Polling page: 0x00000000018a0000

CodeCache: size=245760Kb used=11053Kb max_used=11053Kb free=234706Kb
 bounds [0x00000000033d0000, 0x0000000003eb0000, 0x00000000123d0000]
 total_blobs=3855 nmethods=3369 adapters=399
 compilation: enabled

Compilation events (10 events):
Event: 2.795 Thread 0x000000001eaff000 nmethod 3387 0x0000000003e9c710 code [0x0000000003e9c880, 0x0000000003e9cad8]
Event: 2.795 Thread 0x000000001eaff000 3388       2       org.jetbrains.kotlin.metadata.jvm.JvmProtoBuf$JvmMethodSignature$Builder::build (19 bytes)
Event: 2.796 Thread 0x000000001eaff000 nmethod 3388 0x0000000003e9cc90 code [0x0000000003e9ce00, 0x0000000003e9d058]
Event: 2.796 Thread 0x000000001eaff000 3389       2       org.jetbrains.kotlin.metadata.jvm.JvmProtoBuf$JvmMethodSignature$Builder::buildPartial (65 bytes)
Event: 2.796 Thread 0x000000001eaff000 nmethod 3389 0x0000000003e9d1d0 code [0x0000000003e9d320, 0x0000000003e9d550]
Event: 2.796 Thread 0x000000001eaff000 3374       2       org.jetbrains.kotlin.protobuf.CodedOutputStream::computeEnumSize (10 bytes)
Event: 2.796 Thread 0x000000001eaff000 nmethod 3374 0x0000000003e9d610 code [0x0000000003e9d780, 0x0000000003e9d918]
Event: 2.796 Thread 0x000000001eaff000 3394       2       org.jetbrains.kotlin.metadata.ProtoBuf$Annotation::writeTo (72 bytes)
Event: 2.796 Thread 0x000000001eaff000 nmethod 3394 0x0000000003e9da10 code [0x0000000003e9dc20, 0x0000000003e9e0d8]
Event: 2.796 Thread 0x000000001eaff000 3393       2       org.jetbrains.kotlin.metadata.jvm.JvmProtoBuf$JvmMethodSignature::writeTo (52 bytes)

GC Heap History (10 events):
Event: 0.797 GC heap before
{Heap before GC invocations=1 (full 0):
 PSYoungGen      total 75776K, used 65024K [0x000000076bd80000, 0x0000000771200000, 0x00000007c0000000)
  eden space 65024K, 100% used [0x000000076bd80000,0x000000076fd00000,0x000000076fd00000)
  from space 10752K, 0% used [0x0000000770780000,0x0000000770780000,0x0000000771200000)
  to   space 10752K, 0% used [0x000000076fd00000,0x000000076fd00000,0x0000000770780000)
 ParOldGen       total 173568K, used 0K [0x00000006c3800000, 0x00000006ce180000, 0x000000076bd80000)
  object space 173568K, 0% used [0x00000006c3800000,0x00000006c3800000,0x00000006ce180000)
 Metaspace       used 15593K, capacity 15908K, committed 16000K, reserved 1062912K
  class space    used 1761K, capacity 1836K, committed 1920K, reserved 1048576K
Event: 0.805 GC heap after
Heap after GC invocations=1 (full 0):
 PSYoungGen      total 75776K, used 10750K [0x000000076bd80000, 0x0000000775180000, 0x00000007c0000000)
  eden space 65024K, 0% used [0x000000076bd80000,0x000000076bd80000,0x000000076fd00000)
  from space 10752K, 99% used [0x000000076fd00000,0x000000077077fb30,0x0000000770780000)
  to   space 10752K, 0% used [0x0000000774700000,0x0000000774700000,0x0000000775180000)
 ParOldGen       total 173568K, used 4540K [0x00000006c3800000, 0x00000006ce180000, 0x000000076bd80000)
  object space 173568K, 2% used [0x00000006c3800000,0x00000006c3c6f068,0x00000006ce180000)
 Metaspace       used 15593K, capacity 15908K, committed 16000K, reserved 1062912K
  class space    used 1761K, capacity 1836K, committed 1920K, reserved 1048576K
}
Event: 1.066 GC heap before
{Heap before GC invocations=2 (full 0):
 PSYoungGen      total 75776K, used 44079K [0x000000076bd80000, 0x0000000775180000, 0x00000007c0000000)
  eden space 65024K, 51% used [0x000000076bd80000,0x000000076de0c1c8,0x000000076fd00000)
  from space 10752K, 99% used [0x000000076fd00000,0x000000077077fb30,0x0000000770780000)
  to   space 10752K, 0% used [0x0000000774700000,0x0000000774700000,0x0000000775180000)
 ParOldGen       total 173568K, used 4540K [0x00000006c3800000, 0x00000006ce180000, 0x000000076bd80000)
  object space 173568K, 2% used [0x00000006c3800000,0x00000006c3c6f068,0x00000006ce180000)
 Metaspace       used 20670K, capacity 21082K, committed 21248K, reserved 1069056K
  class space    used 2356K, capacity 2491K, committed 2560K, reserved 1048576K
Event: 1.078 GC heap after
Heap after GC invocations=2 (full 0):
 PSYoungGen      total 140800K, used 10721K [0x000000076bd80000, 0x0000000775180000, 0x00000007c0000000)
  eden space 130048K, 0% used [0x000000076bd80000,0x000000076bd80000,0x0000000773c80000)
  from space 10752K, 99% used [0x0000000774700000,0x0000000775178780,0x0000000775180000)
  to   space 10752K, 0% used [0x0000000773c80000,0x0000000773c80000,0x0000000774700000)
 ParOldGen       total 173568K, used 16354K [0x00000006c3800000, 0x00000006ce180000, 0x000000076bd80000)
  object space 173568K, 9% used [0x00000006c3800000,0x00000006c47f8bd8,0x00000006ce180000)
 Metaspace       used 20670K, capacity 21082K, committed 21248K, reserved 1069056K
  class space    used 2356K, capacity 2491K, committed 2560K, reserved 1048576K
}
Event: 1.078 GC heap before
{Heap before GC invocations=3 (full 1):
 PSYoungGen      total 140800K, used 10721K [0x000000076bd80000, 0x0000000775180000, 0x00000007c0000000)
  eden space 130048K, 0% used [0x000000076bd80000,0x000000076bd80000,0x0000000773c80000)
  from space 10752K, 99% used [0x0000000774700000,0x0000000775178780,0x0000000775180000)
  to   space 10752K, 0% used [0x0000000773c80000,0x0000000773c80000,0x0000000774700000)
 ParOldGen       total 173568K, used 16354K [0x00000006c3800000, 0x00000006ce180000, 0x000000076bd80000)
  object space 173568K, 9% used [0x00000006c3800000,0x00000006c47f8bd8,0x00000006ce180000)
 Metaspace       used 20670K, capacity 21082K, committed 21248K, reserved 1069056K
  class space    used 2356K, capacity 2491K, committed 2560K, reserved 1048576K
Event: 1.127 GC heap after
Heap after GC invocations=3 (full 1):
 PSYoungGen      total 140800K, used 0K [0x000000076bd80000, 0x0000000775180000, 0x00000007c0000000)
  eden space 130048K, 0% used [0x000000076bd80000,0x000000076bd80000,0x0000000773c80000)
  from space 10752K, 0% used [0x0000000774700000,0x0000000774700000,0x0000000775180000)
  to   space 10752K, 0% used [0x0000000773c80000,0x0000000773c80000,0x0000000774700000)
 ParOldGen       total 141312K, used 22355K [0x00000006c3800000, 0x00000006cc200000, 0x000000076bd80000)
  object space 141312K, 15% used [0x00000006c3800000,0x00000006c4dd4e98,0x00000006cc200000)
 Metaspace       used 20670K, capacity 21082K, committed 21248K, reserved 1069056K
  class space    used 2356K, capacity 2491K, committed 2560K, reserved 1048576K
}
Event: 2.197 GC heap before
{Heap before GC invocations=4 (full 1):
 PSYoungGen      total 140800K, used 104992K [0x000000076bd80000, 0x0000000775180000, 0x00000007c0000000)
  eden space 130048K, 80% used [0x000000076bd80000,0x0000000772408158,0x0000000773c80000)
  from space 10752K, 0% used [0x0000000774700000,0x0000000774700000,0x0000000775180000)
  to   space 10752K, 0% used [0x0000000773c80000,0x0000000773c80000,0x0000000774700000)
 ParOldGen       total 141312K, used 22355K [0x00000006c3800000, 0x00000006cc200000, 0x000000076bd80000)
  object space 141312K, 15% used [0x00000006c3800000,0x00000006c4dd4e98,0x00000006cc200000)
 Metaspace       used 34598K, capacity 35138K, committed 35416K, reserved 1081344K
  class space    used 4319K, capacity 4476K, committed 4480K, reserved 1048576K
Event: 2.211 GC heap after
Heap after GC invocations=4 (full 1):
 PSYoungGen      total 140800K, used 10727K [0x000000076bd80000, 0x0000000777d00000, 0x00000007c0000000)
  eden space 130048K, 0% used [0x000000076bd80000,0x000000076bd80000,0x0000000773c80000)
  from space 10752K, 99% used [0x0000000773c80000,0x00000007746f9c40,0x0000000774700000)
  to   space 10752K, 0% used [0x0000000777280000,0x0000000777280000,0x0000000777d00000)
 ParOldGen       total 141312K, used 35451K [0x00000006c3800000, 0x00000006cc200000, 0x000000076bd80000)
  object space 141312K, 25% used [0x00000006c3800000,0x00000006c5a9ef38,0x00000006cc200000)
 Metaspace       used 34598K, capacity 35138K, committed 35416K, reserved 1081344K
  class space    used 4319K, capacity 4476K, committed 4480K, reserved 1048576K
}
Event: 2.211 GC heap before
{Heap before GC invocations=5 (full 2):
 PSYoungGen      total 140800K, used 10727K [0x000000076bd80000, 0x0000000777d00000, 0x00000007c0000000)
  eden space 130048K, 0% used [0x000000076bd80000,0x000000076bd80000,0x0000000773c80000)
  from space 10752K, 99% used [0x0000000773c80000,0x00000007746f9c40,0x0000000774700000)
  to   space 10752K, 0% used [0x0000000777280000,0x0000000777280000,0x0000000777d00000)
 ParOldGen       total 141312K, used 35451K [0x00000006c3800000, 0x00000006cc200000, 0x000000076bd80000)
  object space 141312K, 25% used [0x00000006c3800000,0x00000006c5a9ef38,0x00000006cc200000)
 Metaspace       used 34598K, capacity 35138K, committed 35416K, reserved 1081344K
  class space    used 4319K, capacity 4476K, committed 4480K, reserved 1048576K
Event: 2.261 GC heap after
Heap after GC invocations=5 (full 2):
 PSYoungGen      total 140800K, used 0K [0x000000076bd80000, 0x0000000777d00000, 0x00000007c0000000)
  eden space 130048K, 0% used [0x000000076bd80000,0x000000076bd80000,0x0000000773c80000)
  from space 10752K, 0% used [0x0000000773c80000,0x0000000773c80000,0x0000000774700000)
  to   space 10752K, 0% used [0x0000000777280000,0x0000000777280000,0x0000000777d00000)
 ParOldGen       total 141312K, used 42512K [0x00000006c3800000, 0x00000006cc200000, 0x000000076bd80000)
  object space 141312K, 30% used [0x00000006c3800000,0x00000006c6184168,0x00000006cc200000)
 Metaspace       used 34598K, capacity 35138K, committed 35416K, reserved 1081344K
  class space    used 4319K, capacity 4476K, committed 4480K, reserved 1048576K
}

Deoptimization events (10 events):
Event: 2.636 Thread 0x00000000032d2800 Uncommon trap: reason=bimorphic action=maybe_recompile pc=0x0000000003b2c660 method=org.jetbrains.kotlin.protobuf.CodedInputStream.tryRefillBuffer(I)Z @ 177
Event: 2.637 Thread 0x00000000032d2800 Uncommon trap: reason=bimorphic action=maybe_recompile pc=0x0000000003b4bd70 method=org.jetbrains.kotlin.protobuf.CodedInputStream.tryRefillBuffer(I)Z @ 177
Event: 2.639 Thread 0x00000000032d2800 Uncommon trap: reason=bimorphic action=maybe_recompile pc=0x0000000003b4bd70 method=org.jetbrains.kotlin.protobuf.CodedInputStream.tryRefillBuffer(I)Z @ 177
Event: 2.640 Thread 0x00000000032d2800 Uncommon trap: reason=bimorphic action=maybe_recompile pc=0x0000000003b4bd70 method=org.jetbrains.kotlin.protobuf.CodedInputStream.tryRefillBuffer(I)Z @ 177
Event: 2.640 Thread 0x00000000032d2800 Uncommon trap: reason=bimorphic action=maybe_recompile pc=0x0000000003b2c660 method=org.jetbrains.kotlin.protobuf.CodedInputStream.tryRefillBuffer(I)Z @ 177
Event: 2.647 Thread 0x00000000032d2800 Uncommon trap: reason=unstable_if action=reinterpret pc=0x0000000003cea138 method=org.jetbrains.org.objectweb.asm.ClassReader.readUtf(II[C)Ljava/lang/String; @ 41
Event: 2.730 Thread 0x00000000032d2800 Uncommon trap: reason=class_check action=maybe_recompile pc=0x0000000003d0b998 method=org.jetbrains.kotlin.com.intellij.openapi.util.text.StringUtilRt.lastIndexOf(Ljava/lang/CharSequence;CII)I @ 17
Event: 2.730 Thread 0x00000000032d2800 Uncommon trap: reason=class_check action=maybe_recompile pc=0x0000000003d0b998 method=org.jetbrains.kotlin.com.intellij.openapi.util.text.StringUtilRt.lastIndexOf(Ljava/lang/CharSequence;CII)I @ 17
Event: 2.730 Thread 0x00000000032d2800 Uncommon trap: reason=class_check action=maybe_recompile pc=0x0000000003d0b998 method=org.jetbrains.kotlin.com.intellij.openapi.util.text.StringUtilRt.lastIndexOf(Ljava/lang/CharSequence;CII)I @ 17
Event: 2.730 Thread 0x00000000032d2800 Uncommon trap: reason=class_check action=maybe_recompile pc=0x0000000003d0b998 method=org.jetbrains.kotlin.com.intellij.openapi.util.text.StringUtilRt.lastIndexOf(Ljava/lang/CharSequence;CII)I @ 17

Classes redefined (0 events):
No events

Internal exceptions (10 events):
Event: 0.983 Thread 0x00000000032d2800 Implicit null exception at 0x000000000388b257 to 0x000000000388b3ce
Event: 1.045 Thread 0x00000000032d2800 Exception <a 'java/lang/NoSuchMethodError': java.lang.Object.lambda$static$0(I)[Lorg/jetbrains/kotlin/com/intellij/openapi/editor/event/DocumentListener;> (0x000000076dbf5b70) thrown at [C:\src\AOSP-openjdk-git\hotspot\src\share\vm\interpreter\linkResolve
Event: 1.139 Thread 0x00000000032d2800 Exception <a 'java/lang/NoSuchMethodError': java.lang.Object.lambda$static$0(I)[Lorg/jetbrains/kotlin/com/intellij/psi/PsiAnnotation;> (0x000000076bdd7e28) thrown at [C:\src\AOSP-openjdk-git\hotspot\src\share\vm\interpreter\linkResolver.cpp, line 620]
Event: 1.213 Thread 0x00000000032d2800 Exception <a 'java/lang/NoSuchMethodError': java.lang.Object.lambda$static$0(I)[Lorg/jetbrains/kotlin/com/intellij/psi/PsiElement;> (0x000000076c4efce8) thrown at [C:\src\AOSP-openjdk-git\hotspot\src\share\vm\interpreter\linkResolver.cpp, line 620]
Event: 1.244 Thread 0x00000000032d2800 Exception <a 'java/lang/NoSuchMethodError': java.lang.Object.lambda$comparing$77a9974f$1(Ljava/util/function/Function;Ljava/lang/Object;Ljava/lang/Object;)I> (0x000000076c6b6f40) thrown at [C:\src\AOSP-openjdk-git\hotspot\src\share\vm\interpreter\linkReso
Event: 1.935 Thread 0x00000000032d2800 Exception <a 'java/lang/ArrayIndexOutOfBoundsException': 126> (0x00000007703fb648) thrown at [C:\src\AOSP-openjdk-git\hotspot\src\share\vm\interpreter\interpreterRuntime.cpp, line 368]
Event: 1.935 Thread 0x00000000032d2800 Exception <a 'java/lang/ArrayIndexOutOfBoundsException': 86> (0x00000007703fcad0) thrown at [C:\src\AOSP-openjdk-git\hotspot\src\share\vm\interpreter\interpreterRuntime.cpp, line 368]
Event: 2.370 Thread 0x00000000032d2800 Exception <a 'java/lang/NoSuchMethodError': java.lang.Object.lambda$static$0(I)[Lorg/jetbrains/kotlin/psi/KtExpression;> (0x000000076c8635c8) thrown at [C:\src\AOSP-openjdk-git\hotspot\src\share\vm\interpreter\linkResolver.cpp, line 620]
Event: 2.479 Thread 0x00000000032d2800 Exception <a 'java/lang/NoSuchMethodError': java.lang.Object.lambda$static$0(I)[Lorg/jetbrains/kotlin/psi/KtDeclaration;> (0x000000076cc9ab18) thrown at [C:\src\AOSP-openjdk-git\hotspot\src\share\vm\interpreter\linkResolver.cpp, line 620]
Event: 2.502 Thread 0x00000000032d2800 Exception <a 'java/lang/NoSuchMethodError': java.lang.Object.lambda$static$0(I)[Lorg/jetbrains/kotlin/psi/KtTypeElement;> (0x000000076d0cab50) thrown at [C:\src\AOSP-openjdk-git\hotspot\src\share\vm\interpreter\linkResolver.cpp, line 620]

Events (10 events):
Event: 2.730 Thread 0x00000000032d2800 DEOPT UNPACKING pc=0x000000000341557b sp=0x00000000032cb948 mode 2
Event: 2.730 Thread 0x00000000032d2800 Uncommon trap: trap_request=0xffffffde fr.pc=0x0000000003d0b998
Event: 2.730 Thread 0x00000000032d2800 DEOPT PACKING pc=0x0000000003d0b998 sp=0x00000000032cb9b0
Event: 2.730 Thread 0x00000000032d2800 DEOPT UNPACKING pc=0x000000000341557b sp=0x00000000032cb938 mode 2
Event: 2.731 loading class org/jetbrains/kotlin/resolve/AllUnderImportScope
Event: 2.731 loading class org/jetbrains/kotlin/resolve/AllUnderImportScope done
Event: 2.731 loading class org/jetbrains/kotlin/resolve/AllUnderImportScope$Companion
Event: 2.731 loading class org/jetbrains/kotlin/resolve/AllUnderImportScope$Companion done
Event: 2.741 Thread 0x00000000032d2800 DEOPT PACKING pc=0x0000000003948a7c sp=0x00000000032cabe0
Event: 2.741 Thread 0x00000000032d2800 DEOPT UNPACKING pc=0x00000000034175d0 sp=0x00000000032caa98 mode 0


Dynamic libraries:
0x00007ff73bc00000 - 0x00007ff73bc31000 	C:\Program Files\Android\Android Studio\jre\jre\bin\java.exe
0x00007ffd07260000 - 0x00007ffd07450000 	C:\Windows\SYSTEM32\ntdll.dll
0x00007ffd06d70000 - 0x00007ffd06e22000 	C:\Windows\System32\KERNEL32.DLL
0x00007ffd04fb0000 - 0x00007ffd05255000 	C:\Windows\System32\KERNELBASE.dll
0x00007ffd05c50000 - 0x00007ffd05cf3000 	C:\Windows\System32\ADVAPI32.dll
0x00007ffd06b20000 - 0x00007ffd06bbe000 	C:\Windows\System32\msvcrt.dll
0x00007ffd05430000 - 0x00007ffd054c7000 	C:\Windows\System32\sechost.dll
0x00007ffd06a00000 - 0x00007ffd06b1f000 	C:\Windows\System32\RPCRT4.dll
0x00007ffd06860000 - 0x00007ffd069f4000 	C:\Windows\System32\USER32.dll
0x00007ffd05260000 - 0x00007ffd05281000 	C:\Windows\System32\win32u.dll
0x00007ffd05540000 - 0x00007ffd05566000 	C:\Windows\System32\GDI32.dll
0x00007ffd043d0000 - 0x00007ffd04568000 	C:\Windows\System32\gdi32full.dll
0x00007ffd041d0000 - 0x00007ffd0426e000 	C:\Windows\System32\msvcp_win.dll
0x00007ffd04eb0000 - 0x00007ffd04faa000 	C:\Windows\System32\ucrtbase.dll
0x00007ffcee4a0000 - 0x00007ffcee724000 	C:\Windows\WinSxS\amd64_microsoft.windows.common-controls_6595b64144ccf1df_6.0.18362.1440_none_9e7dbfb9e45e8e67\COMCTL32.dll
0x00007ffd05d60000 - 0x00007ffd06096000 	C:\Windows\System32\combase.dll
0x00007ffd04570000 - 0x00007ffd045f1000 	C:\Windows\System32\bcryptPrimitives.dll
0x00007ffd071f0000 - 0x00007ffd0721e000 	C:\Windows\System32\IMM32.DLL
0x0000000050600000 - 0x00000000506d2000 	C:\Program Files\Android\Android Studio\jre\jre\bin\msvcr100.dll
0x00000000506e0000 - 0x0000000050f2b000 	C:\Program Files\Android\Android Studio\jre\jre\bin\server\jvm.dll
0x00007ffd057d0000 - 0x00007ffd057d8000 	C:\Windows\System32\PSAPI.DLL
0x00007ffd01c40000 - 0x00007ffd01c64000 	C:\Windows\SYSTEM32\WINMM.dll
0x00007ffcff3a0000 - 0x00007ffcff3a9000 	C:\Windows\SYSTEM32\WSOCK32.dll
0x00007ffcfdd00000 - 0x00007ffcfdd0a000 	C:\Windows\SYSTEM32\VERSION.dll
0x00007ffd05620000 - 0x00007ffd0568f000 	C:\Windows\System32\WS2_32.dll
0x00007ffd01be0000 - 0x00007ffd01c0d000 	C:\Windows\SYSTEM32\WINMMBASE.dll
0x00007ffd052c0000 - 0x00007ffd0530a000 	C:\Windows\System32\cfgmgr32.dll
0x00007ffcfe650000 - 0x00007ffcfe65f000 	C:\Program Files\Android\Android Studio\jre\jre\bin\verify.dll
0x00007ffcfa280000 - 0x00007ffcfa2a9000 	C:\Program Files\Android\Android Studio\jre\jre\bin\java.dll
0x00007ffcfa260000 - 0x00007ffcfa276000 	C:\Program Files\Android\Android Studio\jre\jre\bin\zip.dll
0x00007ffd06170000 - 0x00007ffd06858000 	C:\Windows\System32\SHELL32.dll
0x00007ffd05570000 - 0x00007ffd05617000 	C:\Windows\System32\shcore.dll
0x00007ffd046b0000 - 0x00007ffd04e2b000 	C:\Windows\System32\windows.storage.dll
0x00007ffd04160000 - 0x00007ffd0417e000 	C:\Windows\System32\profapi.dll
0x00007ffd04180000 - 0x00007ffd041ca000 	C:\Windows\System32\powrprof.dll
0x00007ffd04110000 - 0x00007ffd04120000 	C:\Windows\System32\UMPDC.dll
0x00007ffd05d00000 - 0x00007ffd05d52000 	C:\Windows\System32\shlwapi.dll
0x00007ffd04120000 - 0x00007ffd04131000 	C:\Windows\System32\kernel.appcore.dll
0x00007ffd04e90000 - 0x00007ffd04ea7000 	C:\Windows\System32\cryptsp.dll
0x00007ffcfa240000 - 0x00007ffcfa25a000 	C:\Program Files\Android\Android Studio\jre\jre\bin\net.dll
0x00007ffd038f0000 - 0x00007ffd03957000 	C:\Windows\system32\mswsock.dll
0x00007ffcfa1d0000 - 0x00007ffcfa1e3000 	C:\Program Files\Android\Android Studio\jre\jre\bin\nio.dll

VM Arguments:
java_command: org.jetbrains.kotlin.cli.jvm.K2JVMCompiler @D:\Kiosk_Source_Code\ApolloPharmacyOCR20042021\app\build\20210426_8657448168579077091.compiler.options
java_class_path (initial): C:\Users\APHSC0481-GOPAL\.gradle\caches\modules-2\files-2.1\org.jetbrains.kotlin\kotlin-compiler-embeddable\1.4.31\6451ea797cef544e81f507b0d9959cd97ae09c0\kotlin-compiler-embeddable-1.4.31.jar;C:\Users\APHSC0481-GOPAL\.gradle\caches\modules-2\files-2.1\org.jetbrains.kotlin\kotlin-reflect\1.4.31\63db9d66c3d20f7b8f66196e7ba86969daae8b8a\kotlin-reflect-1.4.31.jar;C:\Users\APHSC0481-GOPAL\.gradle\caches\modules-2\files-2.1\org.jetbrains.kotlin\kotlin-stdlib\1.4.31\a58e0fb9812a6a93ca24b5da75e4b5a0cb89c957\kotlin-stdlib-1.4.31.jar;C:\Users\APHSC0481-GOPAL\.gradle\caches\modules-2\files-2.1\org.jetbrains.kotlin\kotlin-script-runtime\1.4.31\183616b52cfb8ddaa8a2a15bf926e87dfcddcde3\kotlin-script-runtime-1.4.31.jar;C:\Users\APHSC0481-GOPAL\.gradle\caches\modules-2\files-2.1\org.jetbrains.kotlin\kotlin-daemon-embeddable\1.4.31\10faf8ac3dd5975ed972b2bc395b4ffc7ffde246\kotlin-daemon-embeddable-1.4.31.jar;C:\Users\APHSC0481-GOPAL\.gradle\caches\modules-2\files-2.1\org.jetbrains.intellij.deps\trove4j\1.0.20181211\216c2e14b070f334479d800987affe4054cd563f\trove4j-1.0.20181211.jar;C:\Users\APHSC0481-GOPAL\.gradle\caches\modules-2\files-2.1\org.jetbrains.kotlin\kotlin-stdlib-common\1.4.31\6dd50665802f54ba9bc3f70ecb20227d1bc81323\kotlin-stdlib-common-1.4.31.jar;C:\Users\APHSC0481-GOPAL\.gradle\caches\modules-2\files-2.1\org.jetbrains\annotations\13.0\919f0dfe192fb4e063e7dacadee7f8bb9a2672a9\annotations-13.0.jar;C:\Program Files\Android\Android Studio\jre\lib\tools.jar
Launcher Type: SUN_STANDARD

Environment Variables:
JAVA_HOME=C:\Program Files\Java\jdk1.8.0_281\
PATH=C:\Program Files (x86)\Common Files\Oracle\Java\javapath;C:\Windows\system32;C:\Windows;C:\Windows\System32\Wbem;C:\Windows\System32\WindowsPowerShell\v1.0\;C:\Windows\System32\OpenSSH\;C:\Program Files\Java\jdk1.8.0_281\bin;C:\Program Files (x86)\Microsoft SQL Server\Client SDK\ODBC\110\Tools\Binn\;C:\Program Files (x86)\Microsoft SQL Server\120\Tools\Binn\;C:\Program Files (x86)\Microsoft SQL Server\120\DTS\Binn\;C:\Program Files (x86)\Microsoft SQL Server\120\Tools\Binn\ManagementStudio\;C:\Users\APHSC0481-GOPAL\AppData\Local\Microsoft\WindowsApps;C:\Program Files\Java\jdk1.8.0_281\bin;
USERNAME=APHSC0481-GOPAL
OS=Windows_NT
PROCESSOR_IDENTIFIER=Intel64 Family 6 Model 142 Stepping 12, GenuineIntel



---------------  S Y S T E M  ---------------

OS: Windows 10.0 , 64 bit Build 18362 (10.0.18362.1350)

CPU:total 8 (initial active 8) (4 cores per cpu, 2 threads per core) family 6 model 142 stepping 12, cmov, cx8, fxsr, mmx, sse, sse2, sse3, ssse3, sse4.1, sse4.2, popcnt, avx, avx2, aes, clmul, erms, 3dnowpref, lzcnt, ht, tsc, tscinvbit, bmi1, bmi2, adx

Memory: 4k page, physical 16545412k(3702112k free), swap 24737412k(4180k free)

vm_info: OpenJDK 64-Bit Server VM (25.242-b01) for windows-amd64 JRE (1.8.0_242-release-1644-b01), built by "builder" with MS VC++ 10.0 (VS2010)

time: Mon Apr 26 17:11:08 2021
timezone: India Standard Time
elapsed time: 2 seconds (0d 0h 0m 2s)

